<?xml version="1.0" encoding="UTF-8"?>
<!-- Generated by org.testng.reporters.JUnitReportReporter -->
<testsuite skipped="0" hostname="DESKTOP-TFKS6P7" name="com.mercury.testcases.TC6" tests="1" failures="0" timestamp="24 Jun 2020 17:04:31 GMT" time="6.815" errors="0">
  <testcase name="testaddress" time="6.815" classname="com.mercury.testcases.TC6"/>
</testsuite> <!-- com.mercury.testcases.TC6 -->
