<?xml version="1.0" encoding="UTF-8"?>
<!-- Generated by org.testng.reporters.JUnitReportReporter -->
<testsuite skipped="0" hostname="DESKTOP-TFKS6P7" name="com.mercury.testcases.TC4" tests="1" failures="0" timestamp="24 Jun 2020 17:04:31 GMT" time="1.814" errors="0">
  <testcase name="testpassengerinfo" time="1.814" classname="com.mercury.testcases.TC4"/>
</testsuite> <!-- com.mercury.testcases.TC4 -->
